<?xml version="1.0" encoding="UTF-8"?>
<!-- Generated by org.testng.reporters.JUnitReportReporter -->
<testsuite hostname="GLE-GFCLKG3" failures="0" tests="1" name="academy.CleverLogin" time="1.758" errors="0" timestamp="2022-05-20T01:07:19 BST" skipped="0">
  <testcase classname="academy.CleverLogin" name="LoginToClever" time="1.758"/>
  <system-out/>
</testsuite> <!-- academy.CleverLogin -->
