<?xml version="1.0" encoding="UTF-8"?>
<!-- Generated by org.testng.reporters.JUnitReportReporter -->
<testsuite hostname="GLE-GFCLKG3" failures="0" tests="1" name="academy.AppTest" time="0.008" errors="0" timestamp="2022-05-18T12:18:42 BST" skipped="0">
  <testcase classname="academy.AppTest" name="shouldAnswerWithTrue" time="0.008"/>
  <system-out/>
</testsuite> <!-- academy.AppTest -->
