<?xml version="1.0" encoding="UTF-8"?>
<!-- Generated by org.testng.reporters.JUnitReportReporter -->
<testsuite hostname="GLE-GFCLKG3" failures="0" tests="1" name="academy.CourseTitleTest" time="0.036" errors="0" timestamp="2022-05-18T12:18:42 BST" skipped="0">
  <testcase classname="academy.CourseTitleTest" name="ValidateTitle" time="0.036"/>
  <system-out/>
</testsuite> <!-- academy.CourseTitleTest -->
