<?xml version="1.0" encoding="UTF-8"?>
<!-- Generated by org.testng.reporters.JUnitReportReporter -->
<testsuite hostname="GLE-GFCLKG3" failures="0" tests="1" name="academy.AssertCleverbuttonTest" time="2.293" errors="0" timestamp="2022-06-01T23:27:03 BST" skipped="0">
  <testcase classname="academy.AssertCleverbuttonTest" name="VerifyLoginWithClever" time="2.293"/>
  <system-out/>
</testsuite> <!-- academy.AssertCleverbuttonTest -->
