<?xml version="1.0" encoding="UTF-8"?>
<!-- Generated by org.testng.reporters.JUnitReportReporter -->
<testsuite hostname="GLE-GFCLKG3" failures="0" tests="1" name="academy.LogInWithClever" time="3.032" errors="0" timestamp="2022-05-30T13:47:51 BST" skipped="0">
  <testcase classname="academy.LogInWithClever" name="validateClev" time="3.032"/>
  <system-out/>
</testsuite> <!-- academy.LogInWithClever -->
