<?xml version="1.0" encoding="UTF-8"?>
<!-- Generated by org.testng.reporters.JUnitReportReporter -->
<testsuite skipped="0" hostname="GLE-GFCLKG3" name="academy.HomePageTest" tests="2" failures="0" timestamp="2022-05-19T00:23:45 BST" time="36.158" errors="0">
  <testcase name="basePageNavigation" time="19.253" classname="academy.HomePageTest"/>
  <system-out/>
  <testcase name="basePageNavigation" time="16.905" classname="academy.HomePageTest"/>
  <system-out/>
</testsuite> <!-- academy.HomePageTest -->
