<?xml version="1.0" encoding="UTF-8"?>
<!-- Generated by org.testng.reporters.JUnitReportReporter -->
<testsuite skipped="0" hostname="GLE-GFCLKG3" name="academy.AppTest" tests="1" failures="0" timestamp="2022-05-19T00:23:45 BST" time="0.005" errors="0">
  <testcase name="shouldAnswerWithTrue" time="0.005" classname="academy.AppTest"/>
  <system-out/>
</testsuite> <!-- academy.AppTest -->
