<?xml version="1.0" encoding="UTF-8"?>
<!-- Generated by org.testng.reporters.JUnitReportReporter -->
<testsuite skipped="0" hostname="GLE-GFCLKG3" name="academy.ValidateNavigationTest" tests="1" failures="0" timestamp="2022-05-19T00:23:45 BST" time="0.039" errors="0">
  <testcase name="basePageNavigatation" time="0.039" classname="academy.ValidateNavigationTest"/>
  <system-out/>
</testsuite> <!-- academy.ValidateNavigationTest -->
