<?xml version="1.0" encoding="UTF-8"?>
<!-- Generated by org.testng.reporters.JUnitReportReporter -->
<testsuite skipped="0" hostname="GLE-GFCLKG3" name="academy.LoginTest" tests="2" failures="0" timestamp="2022-05-30T15:17:22 BST" time="3.194" errors="0">
  <testcase name="LoginNavigation" time="0.814" classname="academy.LoginTest"/>
  <system-out/>
  <testcase name="LoginNavigation" time="2.380" classname="academy.LoginTest"/>
  <system-out/>
</testsuite> <!-- academy.LoginTest -->
