<?xml version="1.0" encoding="UTF-8"?>
<!-- Generated by org.testng.reporters.JUnitReportReporter -->
<testsuite skipped="0" hostname="GLE-GFCLKG3" name="academy.CourseTitleTest" tests="1" failures="0" timestamp="2022-05-19T00:23:45 BST" time="0.038" errors="0">
  <testcase name="ValidateTitle" time="0.038" classname="academy.CourseTitleTest"/>
  <system-out/>
</testsuite> <!-- academy.CourseTitleTest -->
